# JRE version: OpenJDK Runtime Environment (7.0_91-b02) (build 1.7.0_91-b02)
# Java VM: OpenJDK 64-Bit Server VM (24.91-b01 mixed mode linux-amd64 compressed oops)
Heap
 PSYoungGen      total 197120K, used 86168K [0x00000000e1600000, 0x00000000ed900000, 0x0000000100000000)
  eden space 196096K, 43% used [0x00000000e1600000,0x00000000e69b4448,0x00000000ed580000)
  from space 1024K, 44% used [0x00000000ed700000,0x00000000ed771e50,0x00000000ed800000)
  to   space 1536K, 0% used [0x00000000ed580000,0x00000000ed580000,0x00000000ed700000)
 ParOldGen       total 62464K, used 616K [0x00000000a4200000, 0x00000000a7f00000, 0x00000000e1600000)
  object space 62464K, 0% used [0x00000000a4200000,0x00000000a429a060,0x00000000a7f00000)
 PSPermGen       total 21504K, used 3553K [0x0000000099c00000, 0x000000009b100000, 0x00000000a4200000)
  object space 21504K, 16% used [0x0000000099c00000,0x0000000099f787b8,0x000000009b100000)
GC Heap History (10 events):
Event: 3,823 GC heap before
{Heap before GC invocations=4 (full 0):
 PSYoungGen      total 28160K, used 25236K [0x00000000e1600000, 0x00000000e4d00000, 0x0000000100000000)
  eden space 24576K, 99% used [0x00000000e1600000,0x00000000e2de7718,0x00000000e2e00000)
  from space 3584K, 21% used [0x00000000e2e00000,0x00000000e2ebdc40,0x00000000e3180000)
  to   space 3584K, 0% used [0x00000000e4980000,0x00000000e4980000,0x00000000e4d00000)
 ParOldGen       total 62464K, used 8K [0x00000000a4200000, 0x00000000a7f00000, 0x00000000e1600000)
  object space 62464K, 0% used [0x00000000a4200000,0x00000000a4202000,0x00000000a7f00000)
 PSPermGen       total 21504K, used 3536K [0x0000000099c00000, 0x000000009b100000, 0x00000000a4200000)
  object space 21504K, 16% used [0x0000000099c00000,0x0000000099f74090,0x000000009b100000)
Event: 3,827 GC heap after
Heap after GC invocations=4 (full 0):
 PSYoungGen      total 52736K, used 833K [0x00000000e1600000, 0x00000000e4d00000, 0x0000000100000000)
  eden space 49152K, 0% used [0x00000000e1600000,0x00000000e1600000,0x00000000e4600000)
  from space 3584K, 23% used [0x00000000e4980000,0x00000000e4a50780,0x00000000e4d00000)
  to   space 3584K, 0% used [0x00000000e4600000,0x00000000e4600000,0x00000000e4980000)
 ParOldGen       total 62464K, used 8K [0x00000000a4200000, 0x00000000a7f00000, 0x00000000e1600000)
  object space 62464K, 0% used [0x00000000a4200000,0x00000000a4202000,0x00000000a7f00000)
 PSPermGen       total 21504K, used 3536K [0x0000000099c00000, 0x000000009b100000, 0x00000000a4200000)
  object space 21504K, 16% used [0x0000000099c00000,0x0000000099f74090,0x000000009b100000)
}
Event: 3,843 GC heap before
{Heap before GC invocations=5 (full 0):
 PSYoungGen      total 52736K, used 49971K [0x00000000e1600000, 0x00000000e4d00000, 0x0000000100000000)
  eden space 49152K, 99% used [0x00000000e1600000,0x00000000e45fc6d0,0x00000000e4600000)
  from space 3584K, 23% used [0x00000000e4980000,0x00000000e4a50780,0x00000000e4d00000)
  to   space 3584K, 0% used [0x00000000e4600000,0x00000000e4600000,0x00000000e4980000)
 ParOldGen       total 62464K, used 8K [0x00000000a4200000, 0x00000000a7f00000, 0x00000000e1600000)
  object space 62464K, 0% used [0x00000000a4200000,0x00000000a4202000,0x00000000a7f00000)
 PSPermGen       total 21504K, used 3536K [0x0000000099c00000, 0x000000009b100000, 0x00000000a4200000)
  object space 21504K, 16% used [0x0000000099c00000,0x0000000099f74360,0x000000009b100000)
Event: 3,846 GC heap after
Heap after GC invocations=5 (full 0):
 PSYoungGen      total 52736K, used 727K [0x00000000e1600000, 0x00000000e7800000, 0x0000000100000000)
  eden space 49152K, 0% used [0x00000000e1600000,0x00000000e1600000,0x00000000e4600000)
  from space 3584K, 20% used [0x00000000e4600000,0x00000000e46b5d38,0x00000000e4980000)
  to   space 1024K, 0% used [0x00000000e7700000,0x00000000e7700000,0x00000000e7800000)
 ParOldGen       total 62464K, used 8K [0x00000000a4200000, 0x00000000a7f00000, 0x00000000e1600000)
  object space 62464K, 0% used [0x00000000a4200000,0x00000000a4202000,0x00000000a7f00000)
 PSPermGen       total 21504K, used 3536K [0x0000000099c00000, 0x000000009b100000, 0x00000000a4200000)
  object space 21504K, 16% used [0x0000000099c00000,0x0000000099f74360,0x000000009b100000)
}
Event: 3,860 GC heap before
{Heap before GC invocations=6 (full 0):
 PSYoungGen      total 52736K, used 49856K [0x00000000e1600000, 0x00000000e7800000, 0x0000000100000000)
  eden space 49152K, 99% used [0x00000000e1600000,0x00000000e45fa450,0x00000000e4600000)
  from space 3584K, 20% used [0x00000000e4600000,0x00000000e46b5d38,0x00000000e4980000)
  to   space 1024K, 0% used [0x00000000e7700000,0x00000000e7700000,0x00000000e7800000)
 ParOldGen       total 62464K, used 8K [0x00000000a4200000, 0x00000000a7f00000, 0x00000000e1600000)
  object space 62464K, 0% used [0x00000000a4200000,0x00000000a4202000,0x00000000a7f00000)
 PSPermGen       total 21504K, used 3537K [0x0000000099c00000, 0x000000009b100000, 0x00000000a4200000)
  object space 21504K, 16% used [0x0000000099c00000,0x0000000099f744d8,0x000000009b100000)
Event: 3,862 GC heap after
Heap after GC invocations=6 (full 0):
 PSYoungGen      total 99328K, used 868K [0x00000000e1600000, 0x00000000e7800000, 0x0000000100000000)
  eden space 98304K, 0% used [0x00000000e1600000,0x00000000e1600000,0x00000000e7600000)
  from space 1024K, 84% used [0x00000000e7700000,0x00000000e77d9110,0x00000000e7800000)
  to   space 1024K, 0% used [0x00000000e7600000,0x00000000e7600000,0x00000000e7700000)
 ParOldGen       total 62464K, used 8K [0x00000000a4200000, 0x00000000a7f00000, 0x00000000e1600000)
  object space 62464K, 0% used [0x00000000a4200000,0x00000000a4202000,0x00000000a7f00000)
 PSPermGen       total 21504K, used 3537K [0x0000000099c00000, 0x000000009b100000, 0x00000000a4200000)
  object space 21504K, 16% used [0x0000000099c00000,0x0000000099f744d8,0x000000009b100000)
}
Event: 3,896 GC heap before
{Heap before GC invocations=7 (full 0):
 PSYoungGen      total 99328K, used 99157K [0x00000000e1600000, 0x00000000e7800000, 0x0000000100000000)
  eden space 98304K, 99% used [0x00000000e1600000,0x00000000e75fc580,0x00000000e7600000)
  from space 1024K, 84% used [0x00000000e7700000,0x00000000e77d9110,0x00000000e7800000)
  to   space 1024K, 0% used [0x00000000e7600000,0x00000000e7600000,0x00000000e7700000)
 ParOldGen       total 62464K, used 8K [0x00000000a4200000, 0x00000000a7f00000, 0x00000000e1600000)
  object space 62464K, 0% used [0x00000000a4200000,0x00000000a4202000,0x00000000a7f00000)
 PSPermGen       total 21504K, used 3537K [0x0000000099c00000, 0x000000009b100000, 0x00000000a4200000)
  object space 21504K, 16% used [0x0000000099c00000,0x0000000099f747b0,0x000000009b100000)
Event: 3,898 GC heap after
Heap after GC invocations=7 (full 0):
 PSYoungGen      total 99328K, used 370K [0x00000000e1600000, 0x00000000ed800000, 0x0000000100000000)
  eden space 98304K, 0% used [0x00000000e1600000,0x00000000e1600000,0x00000000e7600000)
  from space 1024K, 36% used [0x00000000e7600000,0x00000000e765cb70,0x00000000e7700000)
  to   space 1024K, 0% used [0x00000000ed700000,0x00000000ed700000,0x00000000ed800000)
 ParOldGen       total 62464K, used 616K [0x00000000a4200000, 0x00000000a7f00000, 0x00000000e1600000)
  object space 62464K, 0% used [0x00000000a4200000,0x00000000a429a060,0x00000000a7f00000)
 PSPermGen       total 21504K, used 3537K [0x0000000099c00000, 0x000000009b100000, 0x00000000a4200000)
  object space 21504K, 16% used [0x0000000099c00000,0x0000000099f747b0,0x000000009b100000)
}
Event: 3,931 GC heap before
{Heap before GC invocations=8 (full 0):
 PSYoungGen      total 99328K, used 98418K [0x00000000e1600000, 0x00000000ed800000, 0x0000000100000000)
  eden space 98304K, 99% used [0x00000000e1600000,0x00000000e75c0038,0x00000000e7600000)
  from space 1024K, 36% used [0x00000000e7600000,0x00000000e765cb70,0x00000000e7700000)
  to   space 1024K, 0% used [0x00000000ed700000,0x00000000ed700000,0x00000000ed800000)
 ParOldGen       total 62464K, used 616K [0x00000000a4200000, 0x00000000a7f00000, 0x00000000e1600000)
  object space 62464K, 0% used [0x00000000a4200000,0x00000000a429a060,0x00000000a7f00000)
 PSPermGen       total 21504K, used 3537K [0x0000000099c00000, 0x000000009b100000, 0x00000000a4200000)
  object space 21504K, 16% used [0x0000000099c00000,0x0000000099f747b0,0x000000009b100000)
Event: 3,932 GC heap after
Heap after GC invocations=8 (full 0):
 PSYoungGen      total 197120K, used 455K [0x00000000e1600000, 0x00000000ed900000, 0x0000000100000000)
  eden space 196096K, 0% used [0x00000000e1600000,0x00000000e1600000,0x00000000ed580000)
  from space 1024K, 44% used [0x00000000ed700000,0x00000000ed771e50,0x00000000ed800000)
  to   space 1536K, 0% used [0x00000000ed580000,0x00000000ed580000,0x00000000ed700000)
 ParOldGen       total 62464K, used 616K [0x00000000a4200000, 0x00000000a7f00000, 0x00000000e1600000)
  object space 62464K, 0% used [0x00000000a4200000,0x00000000a429a060,0x00000000a7f00000)
 PSPermGen       total 21504K, used 3537K [0x0000000099c00000, 0x000000009b100000, 0x00000000a4200000)
  object space 21504K, 16% used [0x0000000099c00000,0x0000000099f747b0,0x000000009b100000)
}

