# JRE version: OpenJDK Runtime Environment (7.0_91-b02) (build 1.7.0_91-b02)
# Java VM: OpenJDK 64-Bit Server VM (24.91-b01 mixed mode linux-amd64 compressed oops)
Heap
 PSYoungGen      total 99328K, used 73663K [0x00000000e1600000, 0x00000000e7800000, 0x0000000100000000)
  eden space 98304K, 74% used [0x00000000e1600000,0x00000000e5d2e3d8,0x00000000e7600000)
  from space 1024K, 75% used [0x00000000e7700000,0x00000000e77c1b28,0x00000000e7800000)
  to   space 1024K, 0% used [0x00000000e7600000,0x00000000e7600000,0x00000000e7700000)
 ParOldGen       total 62464K, used 8K [0x00000000a4200000, 0x00000000a7f00000, 0x00000000e1600000)
  object space 62464K, 0% used [0x00000000a4200000,0x00000000a4202000,0x00000000a7f00000)
 PSPermGen       total 21504K, used 3550K [0x0000000099c00000, 0x000000009b100000, 0x00000000a4200000)
  object space 21504K, 16% used [0x0000000099c00000,0x0000000099f778c8,0x000000009b100000)
GC Heap History (10 events):
Event: 2,604 GC heap before
{Heap before GC invocations=2 (full 0):
 PSYoungGen      total 28160K, used 25271K [0x00000000e1600000, 0x00000000e3500000, 0x0000000100000000)
  eden space 24576K, 99% used [0x00000000e1600000,0x00000000e2dfe5b0,0x00000000e2e00000)
  from space 3584K, 19% used [0x00000000e2e00000,0x00000000e2eafa18,0x00000000e3180000)
  to   space 3584K, 0% used [0x00000000e3180000,0x00000000e3180000,0x00000000e3500000)
 ParOldGen       total 62464K, used 0K [0x00000000a4200000, 0x00000000a7f00000, 0x00000000e1600000)
  object space 62464K, 0% used [0x00000000a4200000,0x00000000a4200000,0x00000000a7f00000)
 PSPermGen       total 21504K, used 3534K [0x0000000099c00000, 0x000000009b100000, 0x00000000a4200000)
  object space 21504K, 16% used [0x0000000099c00000,0x0000000099f73bb8,0x000000009b100000)
Event: 2,608 GC heap after
Heap after GC invocations=2 (full 0):
 PSYoungGen      total 28160K, used 726K [0x00000000e1600000, 0x00000000e4d00000, 0x0000000100000000)
  eden space 24576K, 0% used [0x00000000e1600000,0x00000000e1600000,0x00000000e2e00000)
  from space 3584K, 20% used [0x00000000e3180000,0x00000000e3235ad0,0x00000000e3500000)
  to   space 3584K, 0% used [0x00000000e2e00000,0x00000000e2e00000,0x00000000e3180000)
 ParOldGen       total 62464K, used 8K [0x00000000a4200000, 0x00000000a7f00000, 0x00000000e1600000)
  object space 62464K, 0% used [0x00000000a4200000,0x00000000a4202000,0x00000000a7f00000)
 PSPermGen       total 21504K, used 3534K [0x0000000099c00000, 0x000000009b100000, 0x00000000a4200000)
  object space 21504K, 16% used [0x0000000099c00000,0x0000000099f73bb8,0x000000009b100000)
}
Event: 2,617 GC heap before
{Heap before GC invocations=3 (full 0):
 PSYoungGen      total 28160K, used 25288K [0x00000000e1600000, 0x00000000e4d00000, 0x0000000100000000)
  eden space 24576K, 99% used [0x00000000e1600000,0x00000000e2dfc650,0x00000000e2e00000)
  from space 3584K, 20% used [0x00000000e3180000,0x00000000e3235ad0,0x00000000e3500000)
  to   space 3584K, 0% used [0x00000000e2e00000,0x00000000e2e00000,0x00000000e3180000)
 ParOldGen       total 62464K, used 8K [0x00000000a4200000, 0x00000000a7f00000, 0x00000000e1600000)
  object space 62464K, 0% used [0x00000000a4200000,0x00000000a4202000,0x00000000a7f00000)
 PSPermGen       total 21504K, used 3535K [0x0000000099c00000, 0x000000009b100000, 0x00000000a4200000)
  object space 21504K, 16% used [0x0000000099c00000,0x0000000099f73d28,0x000000009b100000)
Event: 2,620 GC heap after
Heap after GC invocations=3 (full 0):
 PSYoungGen      total 28160K, used 855K [0x00000000e1600000, 0x00000000e4d00000, 0x0000000100000000)
  eden space 24576K, 0% used [0x00000000e1600000,0x00000000e1600000,0x00000000e2e00000)
  from space 3584K, 23% used [0x00000000e2e00000,0x00000000e2ed5f88,0x00000000e3180000)
  to   space 3584K, 0% used [0x00000000e4980000,0x00000000e4980000,0x00000000e4d00000)
 ParOldGen       total 62464K, used 8K [0x00000000a4200000, 0x00000000a7f00000, 0x00000000e1600000)
  object space 62464K, 0% used [0x00000000a4200000,0x00000000a4202000,0x00000000a7f00000)
 PSPermGen       total 21504K, used 3535K [0x0000000099c00000, 0x000000009b100000, 0x00000000a4200000)
  object space 21504K, 16% used [0x0000000099c00000,0x0000000099f73d28,0x000000009b100000)
}
Event: 2,627 GC heap before
{Heap before GC invocations=4 (full 0):
 PSYoungGen      total 28160K, used 25416K [0x00000000e1600000, 0x00000000e4d00000, 0x0000000100000000)
  eden space 24576K, 99% used [0x00000000e1600000,0x00000000e2dfc200,0x00000000e2e00000)
  from space 3584K, 23% used [0x00000000e2e00000,0x00000000e2ed5f88,0x00000000e3180000)
  to   space 3584K, 0% used [0x00000000e4980000,0x00000000e4980000,0x00000000e4d00000)
 ParOldGen       total 62464K, used 8K [0x00000000a4200000, 0x00000000a7f00000, 0x00000000e1600000)
  object space 62464K, 0% used [0x00000000a4200000,0x00000000a4202000,0x00000000a7f00000)
 PSPermGen       total 21504K, used 3536K [0x0000000099c00000, 0x000000009b100000, 0x00000000a4200000)
  object space 21504K, 16% used [0x0000000099c00000,0x0000000099f74090,0x000000009b100000)
Event: 2,630 GC heap after
Heap after GC invocations=4 (full 0):
 PSYoungGen      total 52736K, used 926K [0x00000000e1600000, 0x00000000e4d00000, 0x0000000100000000)
  eden space 49152K, 0% used [0x00000000e1600000,0x00000000e1600000,0x00000000e4600000)
  from space 3584K, 25% used [0x00000000e4980000,0x00000000e4a67a90,0x00000000e4d00000)
  to   space 3584K, 0% used [0x00000000e4600000,0x00000000e4600000,0x00000000e4980000)
 ParOldGen       total 62464K, used 8K [0x00000000a4200000, 0x00000000a7f00000, 0x00000000e1600000)
  object space 62464K, 0% used [0x00000000a4200000,0x00000000a4202000,0x00000000a7f00000)
 PSPermGen       total 21504K, used 3536K [0x0000000099c00000, 0x000000009b100000, 0x00000000a4200000)
  object space 21504K, 16% used [0x0000000099c00000,0x0000000099f74090,0x000000009b100000)
}
Event: 2,648 GC heap before
{Heap before GC invocations=5 (full 0):
 PSYoungGen      total 52736K, used 49978K [0x00000000e1600000, 0x00000000e4d00000, 0x0000000100000000)
  eden space 49152K, 99% used [0x00000000e1600000,0x00000000e45e6e98,0x00000000e4600000)
  from space 3584K, 25% used [0x00000000e4980000,0x00000000e4a67a90,0x00000000e4d00000)
  to   space 3584K, 0% used [0x00000000e4600000,0x00000000e4600000,0x00000000e4980000)
 ParOldGen       total 62464K, used 8K [0x00000000a4200000, 0x00000000a7f00000, 0x00000000e1600000)
  object space 62464K, 0% used [0x00000000a4200000,0x00000000a4202000,0x00000000a7f00000)
 PSPermGen       total 21504K, used 3536K [0x0000000099c00000, 0x000000009b100000, 0x00000000a4200000)
  object space 21504K, 16% used [0x0000000099c00000,0x0000000099f74360,0x000000009b100000)
Event: 2,651 GC heap after
Heap after GC invocations=5 (full 0):
 PSYoungGen      total 52736K, used 825K [0x00000000e1600000, 0x00000000e7800000, 0x0000000100000000)
  eden space 49152K, 0% used [0x00000000e1600000,0x00000000e1600000,0x00000000e4600000)
  from space 3584K, 23% used [0x00000000e4600000,0x00000000e46ce750,0x00000000e4980000)
  to   space 1024K, 0% used [0x00000000e7700000,0x00000000e7700000,0x00000000e7800000)
 ParOldGen       total 62464K, used 8K [0x00000000a4200000, 0x00000000a7f00000, 0x00000000e1600000)
  object space 62464K, 0% used [0x00000000a4200000,0x00000000a4202000,0x00000000a7f00000)
 PSPermGen       total 21504K, used 3536K [0x0000000099c00000, 0x000000009b100000, 0x00000000a4200000)
  object space 21504K, 16% used [0x0000000099c00000,0x0000000099f74360,0x000000009b100000)
}
Event: 2,667 GC heap before
{Heap before GC invocations=6 (full 0):
 PSYoungGen      total 52736K, used 49860K [0x00000000e1600000, 0x00000000e7800000, 0x0000000100000000)
  eden space 49152K, 99% used [0x00000000e1600000,0x00000000e45e2a40,0x00000000e4600000)
  from space 3584K, 23% used [0x00000000e4600000,0x00000000e46ce750,0x00000000e4980000)
  to   space 1024K, 0% used [0x00000000e7700000,0x00000000e7700000,0x00000000e7800000)
 ParOldGen       total 62464K, used 8K [0x00000000a4200000, 0x00000000a7f00000, 0x00000000e1600000)
  object space 62464K, 0% used [0x00000000a4200000,0x00000000a4202000,0x00000000a7f00000)
 PSPermGen       total 21504K, used 3537K [0x0000000099c00000, 0x000000009b100000, 0x00000000a4200000)
  object space 21504K, 16% used [0x0000000099c00000,0x0000000099f744d8,0x000000009b100000)
Event: 2,670 GC heap after
Heap after GC invocations=6 (full 0):
 PSYoungGen      total 99328K, used 774K [0x00000000e1600000, 0x00000000e7800000, 0x0000000100000000)
  eden space 98304K, 0% used [0x00000000e1600000,0x00000000e1600000,0x00000000e7600000)
  from space 1024K, 75% used [0x00000000e7700000,0x00000000e77c1b28,0x00000000e7800000)
  to   space 1024K, 0% used [0x00000000e7600000,0x00000000e7600000,0x00000000e7700000)
 ParOldGen       total 62464K, used 8K [0x00000000a4200000, 0x00000000a7f00000, 0x00000000e1600000)
  object space 62464K, 0% used [0x00000000a4200000,0x00000000a4202000,0x00000000a7f00000)
 PSPermGen       total 21504K, used 3537K [0x0000000099c00000, 0x000000009b100000, 0x00000000a4200000)
  object space 21504K, 16% used [0x0000000099c00000,0x0000000099f744d8,0x000000009b100000)
}

